{"contracts/VotingManager.sol":{"l":{"14":33,"15":33,"17":33,"18":33,"19":33,"23":0,"27":8,"44":8,"45":8,"52":9,"84":11,"87":11,"88":11,"89":11,"92":11,"93":11,"94":11,"97":11,"98":11,"99":11,"101":11,"102":11,"106":2,"108":2,"109":2,"111":2,"116":8,"117":8,"120":8,"121":8,"122":5,"125":5,"126":3,"128":3,"129":3,"132":5,"136":3,"138":3,"140":3,"142":3,"144":3,"145":3,"146":3,"148":3,"151":3},"path":"/Users/bomalkevych/Documents/git/TennaGraph/smart_contracts/contracts/VotingManager.sol","s":{"1":33,"2":33,"3":33,"4":33,"5":33,"6":0,"7":8,"8":9,"9":11,"10":11,"11":11,"12":11,"13":11,"14":11,"15":11,"16":11,"17":11,"18":11,"19":11,"20":11,"21":2,"22":2,"23":2,"24":2,"25":8,"26":8,"27":8,"28":8,"29":5,"30":5,"31":3,"32":3,"33":5,"34":3,"35":3,"36":3,"37":3,"38":3,"39":3,"40":3,"41":3,"42":3},"b":{"1":[33,0],"2":[33,0],"3":[8,0],"4":[11,0],"5":[2,0],"6":[2,0],"7":[8,0],"8":[5,3],"9":[5,0],"10":[3,2],"11":[3,0]},"f":{"1":33,"2":0,"3":8,"4":8,"5":9,"6":11,"7":2,"8":8,"9":3},"fnMap":{"1":{"name":null,"line":13,"loc":{"start":{"line":13,"column":4},"end":{"line":13,"column":85}}},"2":{"name":null,"line":22,"loc":{"start":{"line":22,"column":4},"end":{"line":22,"column":22}}},"3":{"name":"vote","line":26,"loc":{"start":{"line":26,"column":4},"end":{"line":26,"column":24}}},"4":{"name":"onlyAllowedContracts","line":43,"loc":{"start":{"line":43,"column":4},"end":{"line":43,"column":33}}},"5":{"name":"isAuthorized","line":51,"loc":{"start":{"line":51,"column":4},"end":{"line":51,"column":51}}},"6":{"name":"addProposal","line":83,"loc":{"start":{"line":83,"column":4},"end":{"line":83,"column":67}}},"7":{"name":"changeProposalStatus","line":105,"loc":{"start":{"line":105,"column":4},"end":{"line":105,"column":86}}},"8":{"name":"vote","line":115,"loc":{"start":{"line":115,"column":4},"end":{"line":115,"column":101}}},"9":{"name":"votingResults","line":135,"loc":{"start":{"line":135,"column":4},"end":{"line":135,"column":78}}}},"statementMap":{"1":{"start":{"line":14,"column":8},"end":{"line":14,"column":91}},"2":{"start":{"line":15,"column":8},"end":{"line":15,"column":78}},"3":{"start":{"line":17,"column":8},"end":{"line":17,"column":27}},"4":{"start":{"line":18,"column":8},"end":{"line":18,"column":31}},"5":{"start":{"line":19,"column":8},"end":{"line":19,"column":37}},"6":{"start":{"line":23,"column":8},"end":{"line":23,"column":13}},"7":{"start":{"line":44,"column":8},"end":{"line":44,"column":30}},"8":{"start":{"line":52,"column":8},"end":{"line":52,"column":46}},"9":{"start":{"line":84,"column":8},"end":{"line":84,"column":83}},"10":{"start":{"line":87,"column":8},"end":{"line":87,"column":57}},"11":{"start":{"line":88,"column":8},"end":{"line":88,"column":32}},"12":{"start":{"line":89,"column":8},"end":{"line":89,"column":44}},"13":{"start":{"line":92,"column":8},"end":{"line":92,"column":60}},"14":{"start":{"line":93,"column":8},"end":{"line":93,"column":60}},"15":{"start":{"line":94,"column":8},"end":{"line":94,"column":64}},"16":{"start":{"line":97,"column":8},"end":{"line":97,"column":56}},"17":{"start":{"line":98,"column":8},"end":{"line":98,"column":56}},"18":{"start":{"line":99,"column":8},"end":{"line":99,"column":60}},"19":{"start":{"line":101,"column":8},"end":{"line":101,"column":40}},"20":{"start":{"line":102,"column":8},"end":{"line":102,"column":26}},"21":{"start":{"line":106,"column":8},"end":{"line":106,"column":57}},"22":{"start":{"line":108,"column":8},"end":{"line":108,"column":69}},"23":{"start":{"line":109,"column":8},"end":{"line":109,"column":90}},"24":{"start":{"line":111,"column":8},"end":{"line":111,"column":44}},"25":{"start":{"line":116,"column":8},"end":{"line":116,"column":57}},"26":{"start":{"line":117,"column":8},"end":{"line":117,"column":53}},"27":{"start":{"line":120,"column":8},"end":{"line":120,"column":70}},"28":{"start":{"line":121,"column":8},"end":{"line":121,"column":65}},"29":{"start":{"line":122,"column":8},"end":{"line":122,"column":88}},"30":{"start":{"line":125,"column":8},"end":{"line":125,"column":3849}},"31":{"start":{"line":126,"column":12},"end":{"line":126,"column":29}},"32":{"start":{"line":128,"column":12},"end":{"line":128,"column":44}},"33":{"start":{"line":132,"column":8},"end":{"line":132,"column":45}},"34":{"start":{"line":136,"column":8},"end":{"line":136,"column":57}},"35":{"start":{"line":138,"column":8},"end":{"line":138,"column":69}},"36":{"start":{"line":140,"column":8},"end":{"line":140,"column":61}},"37":{"start":{"line":142,"column":8},"end":{"line":142,"column":44}},"38":{"start":{"line":144,"column":8},"end":{"line":144,"column":4402}},"39":{"start":{"line":145,"column":12},"end":{"line":145,"column":48}},"40":{"start":{"line":146,"column":12},"end":{"line":146,"column":61}},"41":{"start":{"line":148,"column":12},"end":{"line":148,"column":107}},"42":{"start":{"line":151,"column":8},"end":{"line":151,"column":22}}},"branchMap":{"1":{"line":14,"type":"if","locations":[{"start":{"line":14,"column":8},"end":{"line":14,"column":8}},{"start":{"line":14,"column":8},"end":{"line":14,"column":8}}]},"2":{"line":15,"type":"if","locations":[{"start":{"line":15,"column":8},"end":{"line":15,"column":8}},{"start":{"line":15,"column":8},"end":{"line":15,"column":8}}]},"3":{"line":44,"type":"if","locations":[{"start":{"line":44,"column":8},"end":{"line":44,"column":8}},{"start":{"line":44,"column":8},"end":{"line":44,"column":8}}]},"4":{"line":84,"type":"if","locations":[{"start":{"line":84,"column":8},"end":{"line":84,"column":8}},{"start":{"line":84,"column":8},"end":{"line":84,"column":8}}]},"5":{"line":108,"type":"if","locations":[{"start":{"line":108,"column":8},"end":{"line":108,"column":8}},{"start":{"line":108,"column":8},"end":{"line":108,"column":8}}]},"6":{"line":109,"type":"if","locations":[{"start":{"line":109,"column":8},"end":{"line":109,"column":8}},{"start":{"line":109,"column":8},"end":{"line":109,"column":8}}]},"7":{"line":120,"type":"if","locations":[{"start":{"line":120,"column":8},"end":{"line":120,"column":8}},{"start":{"line":120,"column":8},"end":{"line":120,"column":8}}]},"8":{"line":121,"type":"if","locations":[{"start":{"line":121,"column":8},"end":{"line":121,"column":8}},{"start":{"line":121,"column":8},"end":{"line":121,"column":8}}]},"9":{"line":122,"type":"if","locations":[{"start":{"line":122,"column":8},"end":{"line":122,"column":8}},{"start":{"line":122,"column":8},"end":{"line":122,"column":8}}]},"10":{"line":125,"type":"if","locations":[{"start":{"line":125,"column":8},"end":{"line":125,"column":8}},{"start":{"line":125,"column":8},"end":{"line":125,"column":8}}]},"11":{"line":138,"type":"if","locations":[{"start":{"line":138,"column":8},"end":{"line":138,"column":8}},{"start":{"line":138,"column":8},"end":{"line":138,"column":8}}]}}}}